<?xml version="1.0" encoding="UTF-8"?>
<testsuite xmlns:xsi="http://www.w3.org/2001/XMLSchema-instance" xsi:noNamespaceSchemaLocation="https://maven.apache.org/surefire/maven-surefire-plugin/xsd/surefire-test-report.xsd" name="guru.springframework.sfgjms.SfgJmsApplicationTests" time="9.313" tests="1" errors="0" skipped="0" failures="0">
  <properties>
    <property name="sun.desktop" value="windows"/>
    <property name="awt.toolkit" value="sun.awt.windows.WToolkit"/>
    <property name="file.encoding.pkg" value="sun.io"/>
    <property name="java.specification.version" value="1.8"/>
    <property name="sun.cpu.isalist" value="amd64"/>
    <property name="sun.jnu.encoding" value="Cp1252"/>
    <property name="java.class.path" value="D:\Users\aturk\Desktop\Vagrant\projects\spring\sfg-jms-master\target\test-classes;D:\Users\aturk\Desktop\Vagrant\projects\spring\sfg-jms-master\target\classes;C:\DEV\maven\localRepository\org\springframework\boot\spring-boot-starter-artemis\2.1.6.RELEASE\spring-boot-starter-artemis-2.1.6.RELEASE.jar;C:\DEV\maven\localRepository\org\springframework\boot\spring-boot-starter\2.1.6.RELEASE\spring-boot-starter-2.1.6.RELEASE.jar;C:\DEV\maven\localRepository\org\springframework\boot\spring-boot-starter-logging\2.1.6.RELEASE\spring-boot-starter-logging-2.1.6.RELEASE.jar;C:\DEV\maven\localRepository\ch\qos\logback\logback-classic\1.2.3\logback-classic-1.2.3.jar;C:\DEV\maven\localRepository\ch\qos\logback\logback-core\1.2.3\logback-core-1.2.3.jar;C:\DEV\maven\localRepository\org\apache\logging\log4j\log4j-to-slf4j\2.11.2\log4j-to-slf4j-2.11.2.jar;C:\DEV\maven\localRepository\org\apache\logging\log4j\log4j-api\2.11.2\log4j-api-2.11.2.jar;C:\DEV\maven\localRepository\org\slf4j\jul-to-slf4j\1.7.26\jul-to-slf4j-1.7.26.jar;C:\DEV\maven\localRepository\javax\annotation\javax.annotation-api\1.3.2\javax.annotation-api-1.3.2.jar;C:\DEV\maven\localRepository\org\yaml\snakeyaml\1.23\snakeyaml-1.23.jar;C:\DEV\maven\localRepository\org\springframework\spring-jms\5.1.8.RELEASE\spring-jms-5.1.8.RELEASE.jar;C:\DEV\maven\localRepository\org\springframework\spring-beans\5.1.8.RELEASE\spring-beans-5.1.8.RELEASE.jar;C:\DEV\maven\localRepository\org\springframework\spring-messaging\5.1.8.RELEASE\spring-messaging-5.1.8.RELEASE.jar;C:\DEV\maven\localRepository\org\springframework\spring-tx\5.1.8.RELEASE\spring-tx-5.1.8.RELEASE.jar;C:\DEV\maven\localRepository\org\apache\activemq\artemis-jms-client\2.6.4\artemis-jms-client-2.6.4.jar;C:\DEV\maven\localRepository\javax\jms\javax.jms-api\2.0.1\javax.jms-api-2.0.1.jar;C:\DEV\maven\localRepository\javax\json\javax.json-api\1.1.4\javax.json-api-1.1.4.jar;C:\DEV\maven\localRepository\org\apache\activemq\artemis-server\2.6.4\artemis-server-2.6.4.jar;C:\DEV\maven\localRepository\org\jboss\logging\jboss-logging\3.3.2.Final\jboss-logging-3.3.2.Final.jar;C:\DEV\maven\localRepository\org\jboss\logmanager\jboss-logmanager\2.0.3.Final\jboss-logmanager-2.0.3.Final.jar;C:\DEV\maven\localRepository\org\apache\activemq\artemis-commons\2.6.4\artemis-commons-2.6.4.jar;C:\DEV\maven\localRepository\org\apache\activemq\artemis-selector\2.6.4\artemis-selector-2.6.4.jar;C:\DEV\maven\localRepository\org\apache\activemq\artemis-journal\2.6.4\artemis-journal-2.6.4.jar;C:\DEV\maven\localRepository\org\apache\activemq\artemis-jdbc-store\2.6.4\artemis-jdbc-store-2.6.4.jar;C:\DEV\maven\localRepository\org\apache\activemq\artemis-core-client\2.6.4\artemis-core-client-2.6.4.jar;C:\DEV\maven\localRepository\org\jgroups\jgroups\3.6.13.Final\jgroups-3.6.13.Final.jar;C:\DEV\maven\localRepository\org\apache\johnzon\johnzon-core\1.1.12\johnzon-core-1.1.12.jar;C:\DEV\maven\localRepository\org\apache\activemq\artemis-native\2.6.4\artemis-native-2.6.4.jar;C:\DEV\maven\localRepository\io\netty\netty-buffer\4.1.36.Final\netty-buffer-4.1.36.Final.jar;C:\DEV\maven\localRepository\io\netty\netty-transport\4.1.36.Final\netty-transport-4.1.36.Final.jar;C:\DEV\maven\localRepository\io\netty\netty-resolver\4.1.36.Final\netty-resolver-4.1.36.Final.jar;C:\DEV\maven\localRepository\io\netty\netty-codec-http\4.1.36.Final\netty-codec-http-4.1.36.Final.jar;C:\DEV\maven\localRepository\io\netty\netty-common\4.1.36.Final\netty-common-4.1.36.Final.jar;C:\DEV\maven\localRepository\io\netty\netty-handler\4.1.36.Final\netty-handler-4.1.36.Final.jar;C:\DEV\maven\localRepository\io\netty\netty-transport-native-epoll\4.1.36.Final\netty-transport-native-epoll-4.1.36.Final-linux-x86_64.jar;C:\DEV\maven\localRepository\io\netty\netty-transport-native-unix-common\4.1.36.Final\netty-transport-native-unix-common-4.1.36.Final.jar;C:\DEV\maven\localRepository\io\netty\netty-transport-native-kqueue\4.1.36.Final\netty-transport-native-kqueue-4.1.36.Final-osx-x86_64.jar;C:\DEV\maven\localRepository\io\netty\netty-codec\4.1.36.Final\netty-codec-4.1.36.Final.jar;C:\DEV\maven\localRepository\commons-beanutils\commons-beanutils\1.9.3\commons-beanutils-1.9.3.jar;C:\DEV\maven\localRepository\commons-collections\commons-collections\3.2.2\commons-collections-3.2.2.jar;C:\DEV\maven\localRepository\commons-io\commons-io\2.6\commons-io-2.6.jar;C:\DEV\maven\localRepository\org\apache\activemq\artemis-jms-server\2.6.4\artemis-jms-server-2.6.4.jar;C:\DEV\maven\localRepository\org\apache\activemq\artemis-service-extensions\2.6.4\artemis-service-extensions-2.6.4.jar;C:\DEV\maven\localRepository\org\apache\geronimo\specs\geronimo-jms_2.0_spec\1.0-alpha-2\geronimo-jms_2.0_spec-1.0-alpha-2.jar;C:\DEV\maven\localRepository\org\apache\geronimo\specs\geronimo-jta_1.1_spec\1.1.1\geronimo-jta_1.1_spec-1.1.1.jar;C:\DEV\maven\localRepository\org\springframework\boot\spring-boot-starter-web\2.1.6.RELEASE\spring-boot-starter-web-2.1.6.RELEASE.jar;C:\DEV\maven\localRepository\org\springframework\boot\spring-boot-starter-json\2.1.6.RELEASE\spring-boot-starter-json-2.1.6.RELEASE.jar;C:\DEV\maven\localRepository\com\fasterxml\jackson\core\jackson-databind\2.9.9\jackson-databind-2.9.9.jar;C:\DEV\maven\localRepository\com\fasterxml\jackson\core\jackson-annotations\2.9.0\jackson-annotations-2.9.0.jar;C:\DEV\maven\localRepository\com\fasterxml\jackson\core\jackson-core\2.9.9\jackson-core-2.9.9.jar;C:\DEV\maven\localRepository\com\fasterxml\jackson\datatype\jackson-datatype-jdk8\2.9.9\jackson-datatype-jdk8-2.9.9.jar;C:\DEV\maven\localRepository\com\fasterxml\jackson\datatype\jackson-datatype-jsr310\2.9.9\jackson-datatype-jsr310-2.9.9.jar;C:\DEV\maven\localRepository\com\fasterxml\jackson\module\jackson-module-parameter-names\2.9.9\jackson-module-parameter-names-2.9.9.jar;C:\DEV\maven\localRepository\org\springframework\boot\spring-boot-starter-tomcat\2.1.6.RELEASE\spring-boot-starter-tomcat-2.1.6.RELEASE.jar;C:\DEV\maven\localRepository\org\apache\tomcat\embed\tomcat-embed-core\9.0.21\tomcat-embed-core-9.0.21.jar;C:\DEV\maven\localRepository\org\apache\tomcat\embed\tomcat-embed-el\9.0.21\tomcat-embed-el-9.0.21.jar;C:\DEV\maven\localRepository\org\apache\tomcat\embed\tomcat-embed-websocket\9.0.21\tomcat-embed-websocket-9.0.21.jar;C:\DEV\maven\localRepository\org\hibernate\validator\hibernate-validator\6.0.17.Final\hibernate-validator-6.0.17.Final.jar;C:\DEV\maven\localRepository\javax\validation\validation-api\2.0.1.Final\validation-api-2.0.1.Final.jar;C:\DEV\maven\localRepository\com\fasterxml\classmate\1.4.0\classmate-1.4.0.jar;C:\DEV\maven\localRepository\org\springframework\spring-web\5.1.8.RELEASE\spring-web-5.1.8.RELEASE.jar;C:\DEV\maven\localRepository\org\springframework\spring-webmvc\5.1.8.RELEASE\spring-webmvc-5.1.8.RELEASE.jar;C:\DEV\maven\localRepository\org\springframework\spring-aop\5.1.8.RELEASE\spring-aop-5.1.8.RELEASE.jar;C:\DEV\maven\localRepository\org\springframework\spring-context\5.1.8.RELEASE\spring-context-5.1.8.RELEASE.jar;C:\DEV\maven\localRepository\org\springframework\spring-expression\5.1.8.RELEASE\spring-expression-5.1.8.RELEASE.jar;C:\DEV\maven\localRepository\org\springframework\boot\spring-boot-devtools\2.1.6.RELEASE\spring-boot-devtools-2.1.6.RELEASE.jar;C:\DEV\maven\localRepository\org\springframework\boot\spring-boot\2.1.6.RELEASE\spring-boot-2.1.6.RELEASE.jar;C:\DEV\maven\localRepository\org\springframework\boot\spring-boot-autoconfigure\2.1.6.RELEASE\spring-boot-autoconfigure-2.1.6.RELEASE.jar;C:\DEV\maven\localRepository\org\projectlombok\lombok\1.18.8\lombok-1.18.8.jar;C:\DEV\maven\localRepository\org\springframework\boot\spring-boot-starter-test\2.1.6.RELEASE\spring-boot-starter-test-2.1.6.RELEASE.jar;C:\DEV\maven\localRepository\org\springframework\boot\spring-boot-test\2.1.6.RELEASE\spring-boot-test-2.1.6.RELEASE.jar;C:\DEV\maven\localRepository\org\springframework\boot\spring-boot-test-autoconfigure\2.1.6.RELEASE\spring-boot-test-autoconfigure-2.1.6.RELEASE.jar;C:\DEV\maven\localRepository\com\jayway\jsonpath\json-path\2.4.0\json-path-2.4.0.jar;C:\DEV\maven\localRepository\net\minidev\json-smart\2.3\json-smart-2.3.jar;C:\DEV\maven\localRepository\net\minidev\accessors-smart\1.2\accessors-smart-1.2.jar;C:\DEV\maven\localRepository\org\ow2\asm\asm\5.0.4\asm-5.0.4.jar;C:\DEV\maven\localRepository\org\slf4j\slf4j-api\1.7.26\slf4j-api-1.7.26.jar;C:\DEV\maven\localRepository\junit\junit\4.12\junit-4.12.jar;C:\DEV\maven\localRepository\org\assertj\assertj-core\3.11.1\assertj-core-3.11.1.jar;C:\DEV\maven\localRepository\org\mockito\mockito-core\2.23.4\mockito-core-2.23.4.jar;C:\DEV\maven\localRepository\net\bytebuddy\byte-buddy\1.9.13\byte-buddy-1.9.13.jar;C:\DEV\maven\localRepository\net\bytebuddy\byte-buddy-agent\1.9.13\byte-buddy-agent-1.9.13.jar;C:\DEV\maven\localRepository\org\objenesis\objenesis\2.6\objenesis-2.6.jar;C:\DEV\maven\localRepository\org\hamcrest\hamcrest-core\1.3\hamcrest-core-1.3.jar;C:\DEV\maven\localRepository\org\hamcrest\hamcrest-library\1.3\hamcrest-library-1.3.jar;C:\DEV\maven\localRepository\org\skyscreamer\jsonassert\1.5.0\jsonassert-1.5.0.jar;C:\DEV\maven\localRepository\com\vaadin\external\google\android-json\0.0.20131108.vaadin1\android-json-0.0.20131108.vaadin1.jar;C:\DEV\maven\localRepository\org\springframework\spring-core\5.1.8.RELEASE\spring-core-5.1.8.RELEASE.jar;C:\DEV\maven\localRepository\org\springframework\spring-jcl\5.1.8.RELEASE\spring-jcl-5.1.8.RELEASE.jar;C:\DEV\maven\localRepository\org\springframework\spring-test\5.1.8.RELEASE\spring-test-5.1.8.RELEASE.jar;C:\DEV\maven\localRepository\org\xmlunit\xmlunit-core\2.6.2\xmlunit-core-2.6.2.jar;"/>
    <property name="java.vm.vendor" value="Oracle Corporation"/>
    <property name="sun.arch.data.model" value="64"/>
    <property name="user.variant" value=""/>
    <property name="java.vendor.url" value="http://java.oracle.com/"/>
    <property name="user.timezone" value="Asia/Istanbul"/>
    <property name="user.country.format" value="TR"/>
    <property name="java.vm.specification.version" value="1.8"/>
    <property name="os.name" value="Windows 10"/>
    <property name="user.country" value="US"/>
    <property name="sun.java.launcher" value="SUN_STANDARD"/>
    <property name="sun.boot.library.path" value="C:\Program Files\Java\jdk1.8.0_181\jre\bin"/>
    <property name="sun.java.command" value="D:\Users\aturk\AppData\Local\Temp\surefire7347234333704703411\surefirebooter6614684552286506109.jar D:\Users\aturk\AppData\Local\Temp\surefire7347234333704703411 2020-01-05T15-59-00_759-jvmRun1 surefire1651038850412426401tmp surefire_06785861001214300923tmp"/>
    <property name="surefire.test.class.path" value="D:\Users\aturk\Desktop\Vagrant\projects\spring\sfg-jms-master\target\test-classes;D:\Users\aturk\Desktop\Vagrant\projects\spring\sfg-jms-master\target\classes;C:\DEV\maven\localRepository\org\springframework\boot\spring-boot-starter-artemis\2.1.6.RELEASE\spring-boot-starter-artemis-2.1.6.RELEASE.jar;C:\DEV\maven\localRepository\org\springframework\boot\spring-boot-starter\2.1.6.RELEASE\spring-boot-starter-2.1.6.RELEASE.jar;C:\DEV\maven\localRepository\org\springframework\boot\spring-boot-starter-logging\2.1.6.RELEASE\spring-boot-starter-logging-2.1.6.RELEASE.jar;C:\DEV\maven\localRepository\ch\qos\logback\logback-classic\1.2.3\logback-classic-1.2.3.jar;C:\DEV\maven\localRepository\ch\qos\logback\logback-core\1.2.3\logback-core-1.2.3.jar;C:\DEV\maven\localRepository\org\apache\logging\log4j\log4j-to-slf4j\2.11.2\log4j-to-slf4j-2.11.2.jar;C:\DEV\maven\localRepository\org\apache\logging\log4j\log4j-api\2.11.2\log4j-api-2.11.2.jar;C:\DEV\maven\localRepository\org\slf4j\jul-to-slf4j\1.7.26\jul-to-slf4j-1.7.26.jar;C:\DEV\maven\localRepository\javax\annotation\javax.annotation-api\1.3.2\javax.annotation-api-1.3.2.jar;C:\DEV\maven\localRepository\org\yaml\snakeyaml\1.23\snakeyaml-1.23.jar;C:\DEV\maven\localRepository\org\springframework\spring-jms\5.1.8.RELEASE\spring-jms-5.1.8.RELEASE.jar;C:\DEV\maven\localRepository\org\springframework\spring-beans\5.1.8.RELEASE\spring-beans-5.1.8.RELEASE.jar;C:\DEV\maven\localRepository\org\springframework\spring-messaging\5.1.8.RELEASE\spring-messaging-5.1.8.RELEASE.jar;C:\DEV\maven\localRepository\org\springframework\spring-tx\5.1.8.RELEASE\spring-tx-5.1.8.RELEASE.jar;C:\DEV\maven\localRepository\org\apache\activemq\artemis-jms-client\2.6.4\artemis-jms-client-2.6.4.jar;C:\DEV\maven\localRepository\javax\jms\javax.jms-api\2.0.1\javax.jms-api-2.0.1.jar;C:\DEV\maven\localRepository\javax\json\javax.json-api\1.1.4\javax.json-api-1.1.4.jar;C:\DEV\maven\localRepository\org\apache\activemq\artemis-server\2.6.4\artemis-server-2.6.4.jar;C:\DEV\maven\localRepository\org\jboss\logging\jboss-logging\3.3.2.Final\jboss-logging-3.3.2.Final.jar;C:\DEV\maven\localRepository\org\jboss\logmanager\jboss-logmanager\2.0.3.Final\jboss-logmanager-2.0.3.Final.jar;C:\DEV\maven\localRepository\org\apache\activemq\artemis-commons\2.6.4\artemis-commons-2.6.4.jar;C:\DEV\maven\localRepository\org\apache\activemq\artemis-selector\2.6.4\artemis-selector-2.6.4.jar;C:\DEV\maven\localRepository\org\apache\activemq\artemis-journal\2.6.4\artemis-journal-2.6.4.jar;C:\DEV\maven\localRepository\org\apache\activemq\artemis-jdbc-store\2.6.4\artemis-jdbc-store-2.6.4.jar;C:\DEV\maven\localRepository\org\apache\activemq\artemis-core-client\2.6.4\artemis-core-client-2.6.4.jar;C:\DEV\maven\localRepository\org\jgroups\jgroups\3.6.13.Final\jgroups-3.6.13.Final.jar;C:\DEV\maven\localRepository\org\apache\johnzon\johnzon-core\1.1.12\johnzon-core-1.1.12.jar;C:\DEV\maven\localRepository\org\apache\activemq\artemis-native\2.6.4\artemis-native-2.6.4.jar;C:\DEV\maven\localRepository\io\netty\netty-buffer\4.1.36.Final\netty-buffer-4.1.36.Final.jar;C:\DEV\maven\localRepository\io\netty\netty-transport\4.1.36.Final\netty-transport-4.1.36.Final.jar;C:\DEV\maven\localRepository\io\netty\netty-resolver\4.1.36.Final\netty-resolver-4.1.36.Final.jar;C:\DEV\maven\localRepository\io\netty\netty-codec-http\4.1.36.Final\netty-codec-http-4.1.36.Final.jar;C:\DEV\maven\localRepository\io\netty\netty-common\4.1.36.Final\netty-common-4.1.36.Final.jar;C:\DEV\maven\localRepository\io\netty\netty-handler\4.1.36.Final\netty-handler-4.1.36.Final.jar;C:\DEV\maven\localRepository\io\netty\netty-transport-native-epoll\4.1.36.Final\netty-transport-native-epoll-4.1.36.Final-linux-x86_64.jar;C:\DEV\maven\localRepository\io\netty\netty-transport-native-unix-common\4.1.36.Final\netty-transport-native-unix-common-4.1.36.Final.jar;C:\DEV\maven\localRepository\io\netty\netty-transport-native-kqueue\4.1.36.Final\netty-transport-native-kqueue-4.1.36.Final-osx-x86_64.jar;C:\DEV\maven\localRepository\io\netty\netty-codec\4.1.36.Final\netty-codec-4.1.36.Final.jar;C:\DEV\maven\localRepository\commons-beanutils\commons-beanutils\1.9.3\commons-beanutils-1.9.3.jar;C:\DEV\maven\localRepository\commons-collections\commons-collections\3.2.2\commons-collections-3.2.2.jar;C:\DEV\maven\localRepository\commons-io\commons-io\2.6\commons-io-2.6.jar;C:\DEV\maven\localRepository\org\apache\activemq\artemis-jms-server\2.6.4\artemis-jms-server-2.6.4.jar;C:\DEV\maven\localRepository\org\apache\activemq\artemis-service-extensions\2.6.4\artemis-service-extensions-2.6.4.jar;C:\DEV\maven\localRepository\org\apache\geronimo\specs\geronimo-jms_2.0_spec\1.0-alpha-2\geronimo-jms_2.0_spec-1.0-alpha-2.jar;C:\DEV\maven\localRepository\org\apache\geronimo\specs\geronimo-jta_1.1_spec\1.1.1\geronimo-jta_1.1_spec-1.1.1.jar;C:\DEV\maven\localRepository\org\springframework\boot\spring-boot-starter-web\2.1.6.RELEASE\spring-boot-starter-web-2.1.6.RELEASE.jar;C:\DEV\maven\localRepository\org\springframework\boot\spring-boot-starter-json\2.1.6.RELEASE\spring-boot-starter-json-2.1.6.RELEASE.jar;C:\DEV\maven\localRepository\com\fasterxml\jackson\core\jackson-databind\2.9.9\jackson-databind-2.9.9.jar;C:\DEV\maven\localRepository\com\fasterxml\jackson\core\jackson-annotations\2.9.0\jackson-annotations-2.9.0.jar;C:\DEV\maven\localRepository\com\fasterxml\jackson\core\jackson-core\2.9.9\jackson-core-2.9.9.jar;C:\DEV\maven\localRepository\com\fasterxml\jackson\datatype\jackson-datatype-jdk8\2.9.9\jackson-datatype-jdk8-2.9.9.jar;C:\DEV\maven\localRepository\com\fasterxml\jackson\datatype\jackson-datatype-jsr310\2.9.9\jackson-datatype-jsr310-2.9.9.jar;C:\DEV\maven\localRepository\com\fasterxml\jackson\module\jackson-module-parameter-names\2.9.9\jackson-module-parameter-names-2.9.9.jar;C:\DEV\maven\localRepository\org\springframework\boot\spring-boot-starter-tomcat\2.1.6.RELEASE\spring-boot-starter-tomcat-2.1.6.RELEASE.jar;C:\DEV\maven\localRepository\org\apache\tomcat\embed\tomcat-embed-core\9.0.21\tomcat-embed-core-9.0.21.jar;C:\DEV\maven\localRepository\org\apache\tomcat\embed\tomcat-embed-el\9.0.21\tomcat-embed-el-9.0.21.jar;C:\DEV\maven\localRepository\org\apache\tomcat\embed\tomcat-embed-websocket\9.0.21\tomcat-embed-websocket-9.0.21.jar;C:\DEV\maven\localRepository\org\hibernate\validator\hibernate-validator\6.0.17.Final\hibernate-validator-6.0.17.Final.jar;C:\DEV\maven\localRepository\javax\validation\validation-api\2.0.1.Final\validation-api-2.0.1.Final.jar;C:\DEV\maven\localRepository\com\fasterxml\classmate\1.4.0\classmate-1.4.0.jar;C:\DEV\maven\localRepository\org\springframework\spring-web\5.1.8.RELEASE\spring-web-5.1.8.RELEASE.jar;C:\DEV\maven\localRepository\org\springframework\spring-webmvc\5.1.8.RELEASE\spring-webmvc-5.1.8.RELEASE.jar;C:\DEV\maven\localRepository\org\springframework\spring-aop\5.1.8.RELEASE\spring-aop-5.1.8.RELEASE.jar;C:\DEV\maven\localRepository\org\springframework\spring-context\5.1.8.RELEASE\spring-context-5.1.8.RELEASE.jar;C:\DEV\maven\localRepository\org\springframework\spring-expression\5.1.8.RELEASE\spring-expression-5.1.8.RELEASE.jar;C:\DEV\maven\localRepository\org\springframework\boot\spring-boot-devtools\2.1.6.RELEASE\spring-boot-devtools-2.1.6.RELEASE.jar;C:\DEV\maven\localRepository\org\springframework\boot\spring-boot\2.1.6.RELEASE\spring-boot-2.1.6.RELEASE.jar;C:\DEV\maven\localRepository\org\springframework\boot\spring-boot-autoconfigure\2.1.6.RELEASE\spring-boot-autoconfigure-2.1.6.RELEASE.jar;C:\DEV\maven\localRepository\org\projectlombok\lombok\1.18.8\lombok-1.18.8.jar;C:\DEV\maven\localRepository\org\springframework\boot\spring-boot-starter-test\2.1.6.RELEASE\spring-boot-starter-test-2.1.6.RELEASE.jar;C:\DEV\maven\localRepository\org\springframework\boot\spring-boot-test\2.1.6.RELEASE\spring-boot-test-2.1.6.RELEASE.jar;C:\DEV\maven\localRepository\org\springframework\boot\spring-boot-test-autoconfigure\2.1.6.RELEASE\spring-boot-test-autoconfigure-2.1.6.RELEASE.jar;C:\DEV\maven\localRepository\com\jayway\jsonpath\json-path\2.4.0\json-path-2.4.0.jar;C:\DEV\maven\localRepository\net\minidev\json-smart\2.3\json-smart-2.3.jar;C:\DEV\maven\localRepository\net\minidev\accessors-smart\1.2\accessors-smart-1.2.jar;C:\DEV\maven\localRepository\org\ow2\asm\asm\5.0.4\asm-5.0.4.jar;C:\DEV\maven\localRepository\org\slf4j\slf4j-api\1.7.26\slf4j-api-1.7.26.jar;C:\DEV\maven\localRepository\junit\junit\4.12\junit-4.12.jar;C:\DEV\maven\localRepository\org\assertj\assertj-core\3.11.1\assertj-core-3.11.1.jar;C:\DEV\maven\localRepository\org\mockito\mockito-core\2.23.4\mockito-core-2.23.4.jar;C:\DEV\maven\localRepository\net\bytebuddy\byte-buddy\1.9.13\byte-buddy-1.9.13.jar;C:\DEV\maven\localRepository\net\bytebuddy\byte-buddy-agent\1.9.13\byte-buddy-agent-1.9.13.jar;C:\DEV\maven\localRepository\org\objenesis\objenesis\2.6\objenesis-2.6.jar;C:\DEV\maven\localRepository\org\hamcrest\hamcrest-core\1.3\hamcrest-core-1.3.jar;C:\DEV\maven\localRepository\org\hamcrest\hamcrest-library\1.3\hamcrest-library-1.3.jar;C:\DEV\maven\localRepository\org\skyscreamer\jsonassert\1.5.0\jsonassert-1.5.0.jar;C:\DEV\maven\localRepository\com\vaadin\external\google\android-json\0.0.20131108.vaadin1\android-json-0.0.20131108.vaadin1.jar;C:\DEV\maven\localRepository\org\springframework\spring-core\5.1.8.RELEASE\spring-core-5.1.8.RELEASE.jar;C:\DEV\maven\localRepository\org\springframework\spring-jcl\5.1.8.RELEASE\spring-jcl-5.1.8.RELEASE.jar;C:\DEV\maven\localRepository\org\springframework\spring-test\5.1.8.RELEASE\spring-test-5.1.8.RELEASE.jar;C:\DEV\maven\localRepository\org\xmlunit\xmlunit-core\2.6.2\xmlunit-core-2.6.2.jar;"/>
    <property name="sun.cpu.endian" value="little"/>
    <property name="user.home" value="D:\Users\aturk"/>
    <property name="user.language" value="en"/>
    <property name="java.specification.vendor" value="Oracle Corporation"/>
    <property name="java.home" value="C:\Program Files\Java\jdk1.8.0_181\jre"/>
    <property name="basedir" value="D:\Users\aturk\Desktop\Vagrant\projects\spring\sfg-jms-master"/>
    <property name="file.separator" value="\"/>
    <property name="line.separator" value="&#10;"/>
    <property name="java.vm.specification.vendor" value="Oracle Corporation"/>
    <property name="java.specification.name" value="Java Platform API Specification"/>
    <property name="java.awt.graphicsenv" value="sun.awt.Win32GraphicsEnvironment"/>
    <property name="surefire.real.class.path" value="D:\Users\aturk\AppData\Local\Temp\surefire7347234333704703411\surefirebooter6614684552286506109.jar"/>
    <property name="sun.boot.class.path" value="C:\Program Files\Java\jdk1.8.0_181\jre\lib\resources.jar;C:\Program Files\Java\jdk1.8.0_181\jre\lib\rt.jar;C:\Program Files\Java\jdk1.8.0_181\jre\lib\sunrsasign.jar;C:\Program Files\Java\jdk1.8.0_181\jre\lib\jsse.jar;C:\Program Files\Java\jdk1.8.0_181\jre\lib\jce.jar;C:\Program Files\Java\jdk1.8.0_181\jre\lib\charsets.jar;C:\Program Files\Java\jdk1.8.0_181\jre\lib\jfr.jar;C:\Program Files\Java\jdk1.8.0_181\jre\classes"/>
    <property name="user.script" value=""/>
    <property name="sun.management.compiler" value="HotSpot 64-Bit Tiered Compilers"/>
    <property name="java.runtime.version" value="1.8.0_181-b13"/>
    <property name="user.name" value="aturk"/>
    <property name="path.separator" value=";"/>
    <property name="os.version" value="10.0"/>
    <property name="java.endorsed.dirs" value="C:\Program Files\Java\jdk1.8.0_181\jre\lib\endorsed"/>
    <property name="java.runtime.name" value="Java(TM) SE Runtime Environment"/>
    <property name="file.encoding" value="Cp1252"/>
    <property name="java.vm.name" value="Java HotSpot(TM) 64-Bit Server VM"/>
    <property name="localRepository" value="C:\DEV\maven\localRepository"/>
    <property name="java.vendor.url.bug" value="http://bugreport.sun.com/bugreport/"/>
    <property name="java.io.tmpdir" value="D:\Users\aturk\AppData\Local\Temp\"/>
    <property name="java.version" value="1.8.0_181"/>
    <property name="user.dir" value="D:\Users\aturk\Desktop\Vagrant\projects\spring\sfg-jms-master"/>
    <property name="os.arch" value="amd64"/>
    <property name="java.vm.specification.name" value="Java Virtual Machine Specification"/>
    <property name="java.awt.printerjob" value="sun.awt.windows.WPrinterJob"/>
    <property name="user.language.format" value="tr"/>
    <property name="sun.os.patch.level" value=""/>
    <property name="java.library.path" value="C:\Program Files\Java\jdk1.8.0_181\jre\bin;C:\Windows\Sun\Java\bin;C:\Windows\system32;C:\Windows;C:\Program Files (x86)\Common Files\Oracle\Java\javapath;C:\Program Files (x86)\IBM\RationalSDLC\common;C:\ClearCase\Perl\site\bin;C:\ClearCase\Perl\bin;C:\Program Files\avs\bin;C:\Windows\system32;C:\Windows;C:\Windows\System32\Wbem;C:\Windows\System32\WindowsPowerShell\v1.0\;C:\Program Files (x86)\Sennheiser\SoftphoneSDK\;C:\Program Files (x86)\Genband\IDCE 11.5.0\Bin;C:\Program Files (x86)\IBM\RationalSDLC\ClearCase\bin;C:\Program Files (x86)\IBM\gsk8\lib;C:\Program Files (x86)\IBM\gsk8\bin;C:\Program Files (x86)\IBM\RationalSDLC\ClearCase\RemoteClient\cteapis;C:\Windows\CCM;C:\Program Files\Java\jdk1.8.0_181\bin;C:\Program Files\Git\cmd;C:\Program Files\nodejs\;C:\HashiCorp\Vagrant\bin;D:\Users\aturk\Desktop\Notlar\backup\apache-maven-3.6.1\bin;D:\Users\aturk\Desktop\Notlar\backup\apache-maven-3.6.1\bin;D:\Users\aturk\AppData\Local\Microsoft\WindowsApps;;D:\Users\aturk\AppData\Local\Programs\Microsoft VS Code\bin;D:\Users\aturk\AppData\Roaming\npm;."/>
    <property name="java.vm.info" value="mixed mode"/>
    <property name="java.vendor" value="Oracle Corporation"/>
    <property name="java.vm.version" value="25.181-b13"/>
    <property name="idea.version2019.3" value="true"/>
    <property name="java.ext.dirs" value="C:\Program Files\Java\jdk1.8.0_181\jre\lib\ext;C:\Windows\Sun\Java\lib\ext"/>
    <property name="sun.io.unicode.encoding" value="UnicodeLittle"/>
    <property name="java.class.version" value="52.0"/>
  </properties>
  <testcase name="contextLoads" classname="guru.springframework.sfgjms.SfgJmsApplicationTests" time="0.386"/>
</testsuite>